<?xml version="1.0" encoding="UTF-8"?>
<!-- Generated by org.testng.reporters.JUnitXMLReporter -->
<testsuite ignored="0" hostname="DESKTOP-663MMVN" failures="1" tests="5" name="Test" time="252.435" errors="0" timestamp="2024-12-20T14:20:06 IST">
  <testcase classname="test.TestCase1" name="loginamazon" time="7.777"/>
  <testcase classname="test.TestCase2" name="loginamazon" time="25.392"/>
  <testcase classname="test.TestCase3" name="method1" time="49.667"/>
  <testcase classname="test.TestCase4" name="method1" time="60.757"/>
  <testcase classname="test.TestCase5" name="method1" time="32.246">
    <failure type="org.openqa.selenium.ElementClickInterceptedException" message="element click intercepted: Element &amp;lt;input id=&amp;quot;add-to-cart-button&amp;quot; name=&amp;quot;submit.add-to-cart&amp;quot; title=&amp;quot;Add to Shopping Cart&amp;quot; data-hover=&amp;quot;Select &amp;lt;b&amp;gt;__dims__&amp;lt;/b&amp;gt; from the left&amp;lt;br&amp;gt; to add to Shopping Cart&amp;quot; data-ref=&amp;quot;&amp;quot; class=&amp;quot;a-button-input&amp;quot; type=&amp;quot;submit&amp;quot; formaction=&amp;quot;/cart/add-to-cart/ref=dp_start-bbf_1_glance&amp;quot; value=&amp;quot;Add to Cart&amp;quot; aria-labelledby=&amp;quot;submit.add-to-cart-announce&amp;quot;&amp;gt; is not clickable at point (1083, 477). Other element would receive the click: &amp;lt;div class=&amp;quot;a-carousel-col a-carousel-right&amp;quot; style=&amp;quot;height: 321px; visibility: visible;&amp;quot;&amp;gt;...&amp;lt;/div&amp;gt;
  (Session info: MicrosoftEdge=131.0.2903.99)
Build info: version: &amp;apos;4.27.0&amp;apos;, revision: &amp;apos;d6e718d134&amp;apos;
System info: os.name: &amp;apos;Windows 10&amp;apos;, os.arch: &amp;apos;amd64&amp;apos;, os.version: &amp;apos;10.0&amp;apos;, java.version: &amp;apos;23.0.1&amp;apos;
Driver info: org.openqa.selenium.edge.EdgeDriver
Command: [10bc13f132e869202f44c06926344b05, clickElement {id=f.CEF4524A2E0F6310F3FB534167D03667.d.B99E5AEB82C32F561F9256473461A472.e.145}]
Capabilities {acceptInsecureCerts: false, browserName: MicrosoftEdge, browserVersion: 131.0.2903.99, fedcm:accounts: true, ms:edgeOptions: {debuggerAddress: localhost:56622}, msedge: {msedgedriverVersion: 131.0.2903.99 (f96a870b1316..., userDataDir: C:\Users\dell\AppData\Local...}, networkConnectionEnabled: false, pageLoadStrategy: normal, platformName: windows, proxy: Proxy(), se:cdp: ws://localhost:56622/devtoo..., se:cdpVersion: 131.0.2903.99, setWindowRect: true, strictFileInteractability: false, timeouts: {implicit: 0, pageLoad: 300000, script: 30000}, unhandledPromptBehavior: dismiss and notify, webauthn:extension:credBlob: true, webauthn:extension:largeBlob: true, webauthn:extension:minPinLength: true, webauthn:extension:prf: true, webauthn:virtualAuthenticators: true}
Element: [[EdgeDriver: MicrosoftEdge on windows (10bc13f132e869202f44c06926344b05)] -&amp;gt; id: add-to-cart-button]
Session ID: 10bc13f132e869202f44c06926344b05">
      <![CDATA[org.openqa.selenium.ElementClickInterceptedException: element click intercepted: Element <input id="add-to-cart-button" name="submit.add-to-cart" title="Add to Shopping Cart" data-hover="Select <b>__dims__</b> from the left<br> to add to Shopping Cart" data-ref="" class="a-button-input" type="submit" formaction="/cart/add-to-cart/ref=dp_start-bbf_1_glance" value="Add to Cart" aria-labelledby="submit.add-to-cart-announce"> is not clickable at point (1083, 477). Other element would receive the click: <div class="a-carousel-col a-carousel-right" style="height: 321px; visibility: visible;">...</div>
  (Session info: MicrosoftEdge=131.0.2903.99)
Build info: version: '4.27.0', revision: 'd6e718d134'
System info: os.name: 'Windows 10', os.arch: 'amd64', os.version: '10.0', java.version: '23.0.1'
Driver info: org.openqa.selenium.edge.EdgeDriver
Command: [10bc13f132e869202f44c06926344b05, clickElement {id=f.CEF4524A2E0F6310F3FB534167D03667.d.B99E5AEB82C32F561F9256473461A472.e.145}]
Capabilities {acceptInsecureCerts: false, browserName: MicrosoftEdge, browserVersion: 131.0.2903.99, fedcm:accounts: true, ms:edgeOptions: {debuggerAddress: localhost:56622}, msedge: {msedgedriverVersion: 131.0.2903.99 (f96a870b1316..., userDataDir: C:\Users\dell\AppData\Local...}, networkConnectionEnabled: false, pageLoadStrategy: normal, platformName: windows, proxy: Proxy(), se:cdp: ws://localhost:56622/devtoo..., se:cdpVersion: 131.0.2903.99, setWindowRect: true, strictFileInteractability: false, timeouts: {implicit: 0, pageLoad: 300000, script: 30000}, unhandledPromptBehavior: dismiss and notify, webauthn:extension:credBlob: true, webauthn:extension:largeBlob: true, webauthn:extension:minPinLength: true, webauthn:extension:prf: true, webauthn:virtualAuthenticators: true}
Element: [[EdgeDriver: MicrosoftEdge on windows (10bc13f132e869202f44c06926344b05)] -> id: add-to-cart-button]
Session ID: 10bc13f132e869202f44c06926344b05
at org.openqa.selenium.remote.ErrorCodec.decode(ErrorCodec.java:167)
at org.openqa.selenium.remote.codec.w3c.W3CHttpResponseCodec.decode(W3CHttpResponseCodec.java:138)
at org.openqa.selenium.remote.codec.w3c.W3CHttpResponseCodec.decode(W3CHttpResponseCodec.java:50)
at org.openqa.selenium.remote.HttpCommandExecutor.execute(HttpCommandExecutor.java:190)
at org.openqa.selenium.remote.service.DriverCommandExecutor.invokeExecute(DriverCommandExecutor.java:216)
at org.openqa.selenium.remote.service.DriverCommandExecutor.execute(DriverCommandExecutor.java:174)
at org.openqa.selenium.remote.RemoteWebDriver.execute(RemoteWebDriver.java:545)
at org.openqa.selenium.remote.RemoteWebElement.execute(RemoteWebElement.java:223)
at org.openqa.selenium.remote.RemoteWebElement.click(RemoteWebElement.java:76)
at org.openqa.selenium.support.pagefactory.internal.LocatingElementHandler.invoke(LocatingElementHandler.java:51)
at jdk.proxy2/jdk.proxy2.$Proxy13.click(Unknown Source)
at source.WishListPage.cart(WishListPage.java:50)
at test.TestCase5.method1(TestCase5.java:40)
at java.base/java.util.ArrayList.forEach(ArrayList.java:1597)
... Removed 30 stack frames]]>
    </failure>
  </testcase> <!-- method1 -->
</testsuite> <!-- Test -->
